2014-07-01T13:17:41.409+0800 [initandlisten] MongoDB starting : pid=27872 port=27017 dbpath=/mongodb/blog 64-bit host=AY140701105852799550Z
2014-07-01T13:17:41.409+0800 [initandlisten] db version v2.6.3
2014-07-01T13:17:41.409+0800 [initandlisten] git version: 255f67a66f9603c59380b2a389e386910bbb52cb
2014-07-01T13:17:41.409+0800 [initandlisten] build info: Linux build12.nj1.10gen.cc 2.6.32-431.3.1.el6.x86_64 #1 SMP Fri Jan 3 21:39:27 UTC 2014 x86_64 BOOST_LIB_VERSION=1_49
2014-07-01T13:17:41.409+0800 [initandlisten] allocator: tcmalloc
2014-07-01T13:17:41.409+0800 [initandlisten] options: { storage: { dbPath: "/mongodb/blog" } }
2014-07-01T13:17:41.409+0800 [initandlisten] exception in initAndListen: 10296 
*********************************************************************
 ERROR: dbpath (/mongodb/blog) does not exist.
 Create this directory or give existing directory in --dbpath.
 See http://dochub.mongodb.org/core/startingandstoppingmongo
*********************************************************************
, terminating
2014-07-01T13:17:41.409+0800 [initandlisten] dbexit: 
2014-07-01T13:17:41.409+0800 [initandlisten] shutdown: going to close listening sockets...
2014-07-01T13:17:41.409+0800 [initandlisten] shutdown: going to flush diaglog...
2014-07-01T13:17:41.409+0800 [initandlisten] shutdown: going to close sockets...
2014-07-01T13:17:41.409+0800 [initandlisten] shutdown: waiting for fs preallocator...
2014-07-01T13:17:41.409+0800 [initandlisten] shutdown: lock for final commit...
2014-07-01T13:17:41.409+0800 [initandlisten] shutdown: final commit...
2014-07-01T13:17:41.409+0800 [initandlisten] shutdown: closing all files...
2014-07-01T13:17:41.409+0800 [initandlisten] closeAllFiles() finished
2014-07-01T13:17:41.409+0800 [initandlisten] dbexit: really exiting now
